# Change Log

## 2026-05-18 - (0,1h)

- Doku ergaenzt Arbeitslog-Regeln: `CONTRIBUTING.md` nennt `CHANGELOG.log` als Pflicht-Arbeitslog, beschreibt Format/Dauer/Versions-Sammelpunkt und ergaenzt den Abschluss-Check.

## 2026-05-18 - (n/a)

- Zentrales Arbeitslog angelegt.
- Kuenftige Aenderungen sollen hier mit Datum, Zeitdauer als Ueberschrift und kurzer Stichpunkt-Zusammenfassung dokumentiert werden.

## 2026-05-18 - (n/a)

- Cleaner erweitert/reduziert Aliase (#51): Alias-Header steuern die Schreibweise (`*`, `-`, `+`); `applyCleanTags()` liest `Alias` passiv als Default und cleanende Felder nur bei explizitem `aliasTextFields`.
- Parser/Cleaner ergaenzen Emoji-/Symbol-Aliase (#52): Alias-Header koennen ein Symbol nach dem Kurznamen deklarieren; kompakte Suffix- und Symbol-only-Anzeigen werden verarbeitet.
- Kategorie-Aggregation ergaenzt Vorzeichen-Polung (#53): Kategorie-Aliase mit trailing `+`/`-` wenden dieses Vorzeichen nach der Child-Aggregation an.
- Tests: kompletter lokaler Lauf `tests/test_*.js` gruen.
- Versionen: collectAtags v1.58, exportAtags v1.83, tagCleaner v1.42.

## 2026-05-16 - (n/a)

- Hour Guide korrigiert Vorgabe: Anonymisierter Platzhalter wieder durch neutralen Inhalt `Spannung` ersetzt.
- Alias-Parser erweitert Mehrfachziele: Doppelte Aliasziele sind standardmaessig aktiv; `multiAliasTargets: false` stellt Last-Wins wieder her.
- Tag Cleaner erweitert API und Suffix-Normalisierung (#50): `applyCleanTags()` ergaenzt, Header vereinfacht und gemischte Suffixformen normalisiert.
- Tag Cleaner uebernimmt Hash-Marker direkter: `##tag`/`tag##`, `tag##3` und Stringwerte wie `tag##inhalt` gehen in die Tagbar.
- Versionierung/Struktur aktualisiert: Versionschecker, Remote-Lib-Reihenfolge, `core/_checkLibs.js` und `core_lib/LIB_VERSIONS.md` dokumentiert.
- Versionen: Hour Guide v1.30, helpers_lib v2.11, collectAtags v1.55, exportAtags v1.82, restoreAtags v2.04, tagCleaner v1.38, libVersions v1.08, helpers v1.02.

## Log-Regeln

- Dieses `CHANGELOG.log` bei jeder Code-, Test-, Doku- oder Issue-bezogenen Aenderung aktualisieren.
- Fuer neue Arbeitsbloecke Start- und Endzeit erfassen und die Dauer im Header als `## YYYY-MM-DD - (2,3h)` eintragen.
- Normale Aenderungen als kurze Stichpunkte im Format `- Bereich/Modul macht etwas (#Issue): Details` dokumentieren.
- Versionsspruenge nicht einzeln als eigene Hauptpunkte auffuehren.
- Versionen nur bei Bedarf als letzten Stichpunkt kurz sammeln, z. B. `- Versionen: collectAtags v1.58, exportAtags v1.83, tagCleaner v1.42`.
